#
# A fatal error has been detected by the Java Runtime Environment:
#
#  EXCEPTION_ACCESS_VIOLATION (0xc0000005) at pc=0x00007ffd37fd3b69, pid=4136, tid=0x0000000000003690
#
# JRE version: Java(TM) SE Runtime Environment (8.0_361) (build 1.8.0_361-b09)
# Java VM: Java HotSpot(TM) 64-Bit Server VM (25.361-b09 mixed mode windows-amd64 compressed oops)
# Problematic frame:
# C  [ig11icd64.dll+0x593b69]
#
# Failed to write core dump. Minidumps are not enabled by default on client versions of Windows
#
# If you would like to submit a bug report, please visit:
#   http://bugreport.java.com/bugreport/crash.jsp
#

---------------  T H R E A D  ---------------

Current thread (0x000001d87db0e800):  VMThread [stack: 0x000000d4db800000,0x000000d4db900000] [id=13968]

siginfo: ExceptionCode=0xc0000005, reading address 0x00000000000352d8

Registers:
RAX=0x000001d812872e60, RBX=0x000001d812872d90, RCX=0x0000000000000000, RDX=0x000001d812872e60
RSP=0x000000d4db8fe9c0, RBP=0x000001d8116b68b0, RSI=0x000001d8128732a8, RDI=0x000001d8103671a0
R8 =0x0000000000000030, R9 =0x0000000000000000, R10=0x0000000000000000, R11=0x0000000000000246
R12=0x0000000000000000, R13=0x0000000000000000, R14=0x0000000000000000, R15=0x0000000000000000
RIP=0x00007ffd37fd3b69, EFLAGS=0x0000000000010206

Top of Stack: (sp=0x000000d4db8fe9c0)
0x000000d4db8fe9c0:   000001d811675800 00000001f46857d4
0x000000d4db8fe9d0:   000000d4db8fea08 0000005400000000
0x000000d4db8fe9e0:   00007ffd3898e880 000000000000009b
0x000000d4db8fe9f0:   000001d8119de0b0 0000000000000078
0x000000d4db8fea00:   0000000000000000 00007ffd37fb57a7
0x000000d4db8fea10:   000001d811675800 000001d8103671a0
0x000000d4db8fea20:   000000d4db8feb10 0000000000000000
0x000000d4db8fea30:   0000000000002adc 0000000000000000
0x000000d4db8fea40:   0000000000000070 0000000000000000
0x000000d4db8fea50:   0000000000000000 0000000000000000
0x000000d4db8fea60:   0000000000140012 00007ffd9c6a9378
0x000000d4db8fea70:   0000000000000000 0000000000000000
0x000000d4db8fea80:   0000000000000000 0000000000000000
0x000000d4db8fea90:   0000000000000070 0000000000000000
0x000000d4db8feaa0:   0000000000000000 0000000000000000
0x000000d4db8feab0:   0000b80200000000 0000000000002adc 

Instructions: (pc=0x00007ffd37fd3b69)
0x00007ffd37fd3b49:   1d 8b c1 83 e0 0f 48 c1 e0 06 48 03 c2 48 85 c0
0x00007ffd37fd3b59:   74 0c 48 8b 48 08 eb 08 48 83 c0 08 eb ef 33 c9
0x00007ffd37fd3b69:   49 3b 8e d8 52 03 00 76 6b 48 8b 87 80 02 00 00
0x00007ffd37fd3b79:   48 89 06 48 89 9f 80 02 00 00 ff 87 88 02 00 00 


Register to memory mapping:

RAX=0x000001d812872e60 is an unknown value
RBX=0x000001d812872d90 is an unknown value
RCX=0x0000000000000000 is an unknown value
RDX=0x000001d812872e60 is an unknown value
RSP=0x000000d4db8fe9c0 is an unknown value
RBP=0x000001d8116b68b0 is an unknown value
RSI=0x000001d8128732a8 is an unknown value
RDI=0x000001d8103671a0 is an unknown value
R8 =0x0000000000000030 is an unknown value
R9 =0x0000000000000000 is an unknown value
R10=0x0000000000000000 is an unknown value
R11=0x0000000000000246 is an unknown value
R12=0x0000000000000000 is an unknown value
R13=0x0000000000000000 is an unknown value
R14=0x0000000000000000 is an unknown value
R15=0x0000000000000000 is an unknown value


Stack: [0x000000d4db800000,0x000000d4db900000],  sp=0x000000d4db8fe9c0,  free space=1018k
Native frames: (J=compiled Java code, j=interpreted, Vv=VM code, C=native code)
C  [ig11icd64.dll+0x593b69]
C  [ig11icd64.dll+0x5757a7]
C  [ig11icd64.dll+0x724b41]
C  [ig11icd64.dll+0x5d1a1f]
C  [ig11icd64.dll+0x661585]
C  [ig11icd64.dll+0x66171d]
C  [ig11icd64.dll+0x571879]
C  [ig11icd64.dll+0x571709]
C  [ig11icd64.dll+0x525a1b]
C  [ntdll.dll+0x19a1d]
C  [ntdll.dll+0x5dcec]
C  [ntdll.dll+0x5da7d]
C  [KERNEL32.DLL+0x1e86b]
C  [ucrtbase.dll+0x205bc]
C  [ucrtbase.dll+0x2045f]
V  [jvm.dll+0x20cad5]
V  [jvm.dll+0x247786]
V  [jvm.dll+0x247ce7]
V  [jvm.dll+0x246485]
V  [jvm.dll+0x246c1c]
V  [jvm.dll+0x246ee4]
V  [jvm.dll+0x294a5c]
C  [ucrtbase.dll+0x21bb2]
C  [KERNEL32.DLL+0x17614]
C  [ntdll.dll+0x526a1]

VM_Operation (0x000000d4dafff2c0): Exit, mode: safepoint, requested by thread 0x000001d876b43800


---------------  P R O C E S S  ---------------

Java Threads: ( => current thread )
  0x000001d80f89b800 JavaThread "com.google.inject.internal.util.$Finalizer" daemon [_thread_blocked, id=7028, stack(0x000000d4dc400000,0x000000d4dc500000)]
  0x000001d80f73d800 JavaThread "EMF Reference Cleaner" daemon [_thread_blocked, id=3604, stack(0x000000d4dc300000,0x000000d4dc400000)]
  0x000001d87fa06800 JavaThread "Service Thread" daemon [_thread_blocked, id=15288, stack(0x000000d4dc100000,0x000000d4dc200000)]
  0x000001d87db6b800 JavaThread "C1 CompilerThread3" daemon [_thread_blocked, id=2036, stack(0x000000d4dc000000,0x000000d4dc100000)]
  0x000001d87db6a000 JavaThread "C2 CompilerThread2" daemon [_thread_blocked, id=8540, stack(0x000000d4dbf00000,0x000000d4dc000000)]
  0x000001d87db69000 JavaThread "C2 CompilerThread1" daemon [_thread_blocked, id=15004, stack(0x000000d4dbe00000,0x000000d4dbf00000)]
  0x000001d87db5f000 JavaThread "C2 CompilerThread0" daemon [_thread_blocked, id=3720, stack(0x000000d4dbd00000,0x000000d4dbe00000)]
  0x000001d87db5e000 JavaThread "Attach Listener" daemon [_thread_blocked, id=11772, stack(0x000000d4dbc00000,0x000000d4dbd00000)]
  0x000001d87db5d000 JavaThread "Signal Dispatcher" daemon [_thread_blocked, id=15172, stack(0x000000d4dbb00000,0x000000d4dbc00000)]
  0x000001d87db42800 JavaThread "Finalizer" daemon [_thread_blocked, id=2472, stack(0x000000d4dba00000,0x000000d4dbb00000)]
  0x000001d87db1b800 JavaThread "Reference Handler" daemon [_thread_blocked, id=3768, stack(0x000000d4db900000,0x000000d4dba00000)]
  0x000001d876b43800 JavaThread "main" [_thread_blocked, id=3880, stack(0x000000d4daf00000,0x000000d4db000000)]

Other Threads:
=>0x000001d87db0e800 VMThread [stack: 0x000000d4db800000,0x000000d4db900000] [id=13968]

VM state:at safepoint (shutting down)

VM Mutex/Monitor currently owned by a thread:  ([mutex/lock_event])
[0x000001d876b41450] Threads_lock - owner thread: 0x000001d87db0e800

heap address: 0x0000000084c00000, size: 1972 MB, Compressed Oops mode: 32-bit
Narrow klass base: 0x0000000000000000, Narrow klass shift: 3
Compressed class space size: 1073741824 Address: 0x0000000100000000

Heap:
 PSYoungGen      total 132096K, used 28345K [0x00000000d6f00000, 0x00000000df500000, 0x0000000100000000)
  eden space 126976K, 22% used [0x00000000d6f00000,0x00000000d8aae788,0x00000000deb00000)
  from space 5120K, 0% used [0x00000000df000000,0x00000000df000000,0x00000000df500000)
  to   space 5120K, 0% used [0x00000000deb00000,0x00000000deb00000,0x00000000df000000)
 ParOldGen       total 86016K, used 23993K [0x0000000084c00000, 0x000000008a000000, 0x00000000d6f00000)
  object space 86016K, 27% used [0x0000000084c00000,0x000000008636e430,0x000000008a000000)
 Metaspace       used 23330K, capacity 23543K, committed 23936K, reserved 1071104K
  class space    used 2863K, capacity 2938K, committed 2944K, reserved 1048576K

Card table byte_map: [0x000001d8788e0000,0x000001d878cc0000] byte_map_base: 0x000001d8784ba000

Marking Bits: (ParMarkBitMap*) 0x0000000055e5b090
 Begin Bits: [0x000001d878f60000, 0x000001d87ae30000)
 End Bits:   [0x000001d87ae30000, 0x000001d87cd00000)

Polling page: 0x000001d876c40000

CodeCache: size=245760Kb used=10934Kb max_used=10934Kb free=234825Kb
 bounds [0x000001d800000000, 0x000001d800ac0000, 0x000001d80f000000]
 total_blobs=3936 nmethods=3338 adapters=510
 compilation: enabled

Compilation events (10 events):
Event: 2.938 Thread 0x000001d87db6b800 3335       3       org.eclipse.xtext.scoping.impl.AbstractScope::<init> (29 bytes)
Event: 2.938 Thread 0x000001d87db6b800 nmethod 3335 0x000001d800ab0c50 code [0x000001d800ab0dc0, 0x000001d800ab1090]
Event: 2.938 Thread 0x000001d87db6b800 3333       1       org.eclipse.xtext.resource.EObjectDescription::getEObjectOrProxy (5 bytes)
Event: 2.938 Thread 0x000001d87db6b800 nmethod 3333 0x000001d800aac410 code [0x000001d800aac560, 0x000001d800aac678]
Event: 2.938 Thread 0x000001d87db6b800 3338       3       org.eclipse.xtext.nodemodel.impl.AbstractNode::getRootNode (34 bytes)
Event: 2.938 Thread 0x000001d87db6b800 nmethod 3338 0x000001d800ab0590 code [0x000001d800ab0720, 0x000001d800ab0b50]
Event: 2.938 Thread 0x000001d87db6b800 3336       3       org.uqbar.project.wollok.model.WMethodContainerExtensions$15::apply (9 bytes)
Event: 2.938 Thread 0x000001d87db6b800 nmethod 3336 0x000001d800ab4b90 code [0x000001d800ab4d20, 0x000001d800ab5118]
Event: 2.938 Thread 0x000001d87db6b800 3337       3       org.uqbar.project.wollok.model.WMethodContainerExtensions$15::apply (10 bytes)
Event: 2.939 Thread 0x000001d87db6b800 nmethod 3337 0x000001d800ab5290 code [0x000001d800ab5400, 0x000001d800ab5698]

GC Heap History (10 events):
Event: 0.348 GC heap before
{Heap before GC invocations=1 (full 0):
 PSYoungGen      total 36864K, used 31744K [0x00000000d6f00000, 0x00000000d9800000, 0x0000000100000000)
  eden space 31744K, 100% used [0x00000000d6f00000,0x00000000d8e00000,0x00000000d8e00000)
  from space 5120K, 0% used [0x00000000d9300000,0x00000000d9300000,0x00000000d9800000)
  to   space 5120K, 0% used [0x00000000d8e00000,0x00000000d8e00000,0x00000000d9300000)
 ParOldGen       total 84992K, used 0K [0x0000000084c00000, 0x0000000089f00000, 0x00000000d6f00000)
  object space 84992K, 0% used [0x0000000084c00000,0x0000000084c00000,0x0000000089f00000)
 Metaspace       used 5962K, capacity 6076K, committed 6144K, reserved 1056768K
  class space    used 672K, capacity 722K, committed 768K, reserved 1048576K
Event: 0.353 GC heap after
Heap after GC invocations=1 (full 0):
 PSYoungGen      total 36864K, used 5107K [0x00000000d6f00000, 0x00000000db700000, 0x0000000100000000)
  eden space 31744K, 0% used [0x00000000d6f00000,0x00000000d6f00000,0x00000000d8e00000)
  from space 5120K, 99% used [0x00000000d8e00000,0x00000000d92fcec8,0x00000000d9300000)
  to   space 5120K, 0% used [0x00000000db200000,0x00000000db200000,0x00000000db700000)
 ParOldGen       total 84992K, used 2687K [0x0000000084c00000, 0x0000000089f00000, 0x00000000d6f00000)
  object space 84992K, 3% used [0x0000000084c00000,0x0000000084e9ff08,0x0000000089f00000)
 Metaspace       used 5962K, capacity 6076K, committed 6144K, reserved 1056768K
  class space    used 672K, capacity 722K, committed 768K, reserved 1048576K
}
Event: 0.567 GC heap before
{Heap before GC invocations=2 (full 0):
 PSYoungGen      total 36864K, used 36851K [0x00000000d6f00000, 0x00000000db700000, 0x0000000100000000)
  eden space 31744K, 100% used [0x00000000d6f00000,0x00000000d8e00000,0x00000000d8e00000)
  from space 5120K, 99% used [0x00000000d8e00000,0x00000000d92fcec8,0x00000000d9300000)
  to   space 5120K, 0% used [0x00000000db200000,0x00000000db200000,0x00000000db700000)
 ParOldGen       total 84992K, used 2687K [0x0000000084c00000, 0x0000000089f00000, 0x00000000d6f00000)
  object space 84992K, 3% used [0x0000000084c00000,0x0000000084e9ff08,0x0000000089f00000)
 Metaspace       used 8387K, capacity 8488K, committed 8576K, reserved 1056768K
  class space    used 1036K, capacity 1076K, committed 1152K, reserved 1048576K
Event: 0.574 GC heap after
Heap after GC invocations=2 (full 0):
 PSYoungGen      total 68608K, used 5091K [0x00000000d6f00000, 0x00000000db700000, 0x0000000100000000)
  eden space 63488K, 0% used [0x00000000d6f00000,0x00000000d6f00000,0x00000000dad00000)
  from space 5120K, 99% used [0x00000000db200000,0x00000000db6f8f18,0x00000000db700000)
  to   space 5120K, 0% used [0x00000000dad00000,0x00000000dad00000,0x00000000db200000)
 ParOldGen       total 84992K, used 10434K [0x0000000084c00000, 0x0000000089f00000, 0x00000000d6f00000)
  object space 84992K, 12% used [0x0000000084c00000,0x0000000085630a40,0x0000000089f00000)
 Metaspace       used 8387K, capacity 8488K, committed 8576K, reserved 1056768K
  class space    used 1036K, capacity 1076K, committed 1152K, reserved 1048576K
}
Event: 1.146 GC heap before
{Heap before GC invocations=3 (full 0):
 PSYoungGen      total 68608K, used 68579K [0x00000000d6f00000, 0x00000000db700000, 0x0000000100000000)
  eden space 63488K, 100% used [0x00000000d6f00000,0x00000000dad00000,0x00000000dad00000)
  from space 5120K, 99% used [0x00000000db200000,0x00000000db6f8f18,0x00000000db700000)
  to   space 5120K, 0% used [0x00000000dad00000,0x00000000dad00000,0x00000000db200000)
 ParOldGen       total 84992K, used 10434K [0x0000000084c00000, 0x0000000089f00000, 0x00000000d6f00000)
  object space 84992K, 12% used [0x0000000084c00000,0x0000000085630a40,0x0000000089f00000)
 Metaspace       used 15247K, capacity 15434K, committed 15616K, reserved 1062912K
  class space    used 1975K, capacity 2015K, committed 2048K, reserved 1048576K
Event: 1.153 GC heap after
Heap after GC invocations=3 (full 0):
 PSYoungGen      total 68608K, used 5088K [0x00000000d6f00000, 0x00000000df500000, 0x0000000100000000)
  eden space 63488K, 0% used [0x00000000d6f00000,0x00000000d6f00000,0x00000000dad00000)
  from space 5120K, 99% used [0x00000000dad00000,0x00000000db1f82e0,0x00000000db200000)
  to   space 5120K, 0% used [0x00000000df000000,0x00000000df000000,0x00000000df500000)
 ParOldGen       total 84992K, used 22220K [0x0000000084c00000, 0x0000000089f00000, 0x00000000d6f00000)
  object space 84992K, 26% used [0x0000000084c00000,0x00000000861b3228,0x0000000089f00000)
 Metaspace       used 15247K, capacity 15434K, committed 15616K, reserved 1062912K
  class space    used 1975K, capacity 2015K, committed 2048K, reserved 1048576K
}
Event: 2.344 GC heap before
{Heap before GC invocations=4 (full 0):
 PSYoungGen      total 68608K, used 47828K [0x00000000d6f00000, 0x00000000df500000, 0x0000000100000000)
  eden space 63488K, 67% used [0x00000000d6f00000,0x00000000d98bd0e0,0x00000000dad00000)
  from space 5120K, 99% used [0x00000000dad00000,0x00000000db1f82e0,0x00000000db200000)
  to   space 5120K, 0% used [0x00000000df000000,0x00000000df000000,0x00000000df500000)
 ParOldGen       total 84992K, used 22220K [0x0000000084c00000, 0x0000000089f00000, 0x00000000d6f00000)
  object space 84992K, 26% used [0x0000000084c00000,0x00000000861b3228,0x0000000089f00000)
 Metaspace       used 20877K, capacity 21090K, committed 21248K, reserved 1067008K
  class space    used 2685K, capacity 2775K, committed 2816K, reserved 1048576K
Event: 2.352 GC heap after
Heap after GC invocations=4 (full 0):
 PSYoungGen      total 132096K, used 5096K [0x00000000d6f00000, 0x00000000df500000, 0x0000000100000000)
  eden space 126976K, 0% used [0x00000000d6f00000,0x00000000d6f00000,0x00000000deb00000)
  from space 5120K, 99% used [0x00000000df000000,0x00000000df4fa188,0x00000000df500000)
  to   space 5120K, 0% used [0x00000000deb00000,0x00000000deb00000,0x00000000df000000)
 ParOldGen       total 84992K, used 29557K [0x0000000084c00000, 0x0000000089f00000, 0x00000000d6f00000)
  object space 84992K, 34% used [0x0000000084c00000,0x00000000868dd710,0x0000000089f00000)
 Metaspace       used 20877K, capacity 21090K, committed 21248K, reserved 1067008K
  class space    used 2685K, capacity 2775K, committed 2816K, reserved 1048576K
}
Event: 2.352 GC heap before
{Heap before GC invocations=5 (full 1):
 PSYoungGen      total 132096K, used 5096K [0x00000000d6f00000, 0x00000000df500000, 0x0000000100000000)
  eden space 126976K, 0% used [0x00000000d6f00000,0x00000000d6f00000,0x00000000deb00000)
  from space 5120K, 99% used [0x00000000df000000,0x00000000df4fa188,0x00000000df500000)
  to   space 5120K, 0% used [0x00000000deb00000,0x00000000deb00000,0x00000000df000000)
 ParOldGen       total 84992K, used 29557K [0x0000000084c00000, 0x0000000089f00000, 0x00000000d6f00000)
  object space 84992K, 34% used [0x0000000084c00000,0x00000000868dd710,0x0000000089f00000)
 Metaspace       used 20877K, capacity 21090K, committed 21248K, reserved 1067008K
  class space    used 2685K, capacity 2775K, committed 2816K, reserved 1048576K
Event: 2.394 GC heap after
Heap after GC invocations=5 (full 1):
 PSYoungGen      total 132096K, used 0K [0x00000000d6f00000, 0x00000000df500000, 0x0000000100000000)
  eden space 126976K, 0% used [0x00000000d6f00000,0x00000000d6f00000,0x00000000deb00000)
  from space 5120K, 0% used [0x00000000df000000,0x00000000df000000,0x00000000df500000)
  to   space 5120K, 0% used [0x00000000deb00000,0x00000000deb00000,0x00000000df000000)
 ParOldGen       total 86016K, used 23993K [0x0000000084c00000, 0x000000008a000000, 0x00000000d6f00000)
  object space 86016K, 27% used [0x0000000084c00000,0x000000008636e430,0x000000008a000000)
 Metaspace       used 20877K, capacity 21090K, committed 21248K, reserved 1067008K
  class space    used 2685K, capacity 2775K, committed 2816K, reserved 1048576K
}

Deoptimization events (10 events):
Event: 1.739 Thread 0x000001d876b43800 Uncommon trap: reason=unstable_if action=reinterpret pc=0x000001d8001cd5dc method=java.lang.ThreadLocal$ThreadLocalMap.getEntry(Ljava/lang/ThreadLocal;)Ljava/lang/ThreadLocal$ThreadLocalMap$Entry; @ 29
Event: 1.837 Thread 0x000001d876b43800 Uncommon trap: reason=unstable_if action=reinterpret pc=0x000001d8009037c4 method=java.io.WinNTFileSystem.normalize(Ljava/lang/String;)Ljava/lang/String; @ 49
Event: 2.571 Thread 0x000001d811cd8000 Uncommon trap: reason=unstable_if action=reinterpret pc=0x000001d800345efc method=java.lang.ThreadLocal$ThreadLocalMap.getEntry(Ljava/lang/ThreadLocal;)Ljava/lang/ThreadLocal$ThreadLocalMap$Entry; @ 29
Event: 2.658 Thread 0x000001d811cd8000 Uncommon trap: reason=unstable_if action=reinterpret pc=0x000001d8001785a8 method=java.lang.Integer.parseInt(Ljava/lang/String;I)I @ 122
Event: 2.697 Thread 0x000001d811cd8000 Uncommon trap: reason=unstable_if action=reinterpret pc=0x000001d800628084 method=java.net.URL.<init>(Ljava/net/URL;Ljava/lang/String;Ljava/net/URLStreamHandler;)V @ 57
Event: 2.700 Thread 0x000001d811cd8000 Uncommon trap: reason=unstable_if action=reinterpret pc=0x000001d80065954c method=sun.misc.MetaIndex.mayContain(Ljava/lang/String;)Z @ 38
Event: 2.789 Thread 0x000001d876b43800 Uncommon trap: reason=bimorphic action=maybe_recompile pc=0x000001d8008a3268 method=com.google.common.collect.AbstractIterator.tryToComputeNext()Z @ 9
Event: 2.789 Thread 0x000001d876b43800 Uncommon trap: reason=bimorphic action=maybe_recompile pc=0x000001d8008a3268 method=com.google.common.collect.AbstractIterator.tryToComputeNext()Z @ 9
Event: 2.790 Thread 0x000001d876b43800 Uncommon trap: reason=bimorphic action=maybe_recompile pc=0x000001d8008a3268 method=com.google.common.collect.AbstractIterator.tryToComputeNext()Z @ 9
Event: 2.790 Thread 0x000001d876b43800 Uncommon trap: reason=bimorphic action=maybe_recompile pc=0x000001d8008a3268 method=com.google.common.collect.AbstractIterator.tryToComputeNext()Z @ 9

Classes redefined (0 events):
No events

Internal exceptions (10 events):
Event: 2.018 Thread 0x000001d876b43800 Exception <a 'java/security/PrivilegedActionException'> (0x00000000d972aa50) thrown at [C:\jenkins\workspace\8-2-build-windows-x64-cygwin\jdk8u361\3183\hotspot\src\share\vm\prims\jvm.cpp, line 1513]
Event: 2.018 Thread 0x000001d876b43800 Exception <a 'java/security/PrivilegedActionException'> (0x00000000d972bf80) thrown at [C:\jenkins\workspace\8-2-build-windows-x64-cygwin\jdk8u361\3183\hotspot\src\share\vm\prims\jvm.cpp, line 1513]
Event: 2.018 Thread 0x000001d876b43800 Exception <a 'java/security/PrivilegedActionException'> (0x00000000d972d3b0) thrown at [C:\jenkins\workspace\8-2-build-windows-x64-cygwin\jdk8u361\3183\hotspot\src\share\vm\prims\jvm.cpp, line 1513]
Event: 2.018 Thread 0x000001d876b43800 Exception <a 'java/security/PrivilegedActionException'> (0x00000000d972ea70) thrown at [C:\jenkins\workspace\8-2-build-windows-x64-cygwin\jdk8u361\3183\hotspot\src\share\vm\prims\jvm.cpp, line 1513]
Event: 2.018 Thread 0x000001d876b43800 Exception <a 'java/security/PrivilegedActionException'> (0x00000000d972fe68) thrown at [C:\jenkins\workspace\8-2-build-windows-x64-cygwin\jdk8u361\3183\hotspot\src\share\vm\prims\jvm.cpp, line 1513]
Event: 2.018 Thread 0x000001d876b43800 Exception <a 'java/security/PrivilegedActionException'> (0x00000000d9731230) thrown at [C:\jenkins\workspace\8-2-build-windows-x64-cygwin\jdk8u361\3183\hotspot\src\share\vm\prims\jvm.cpp, line 1513]
Event: 2.824 Thread 0x000001d876b43800 Exception <a 'java/lang/reflect/InvocationTargetException'> (0x00000000d7d44138) thrown at [C:\jenkins\workspace\8-2-build-windows-x64-cygwin\jdk8u361\3183\hotspot\src\share\vm\runtime\reflection.cpp, line 1092]
Event: 2.824 Thread 0x000001d876b43800 Exception <a 'java/lang/reflect/InvocationTargetException'> (0x00000000d7d492b8) thrown at [C:\jenkins\workspace\8-2-build-windows-x64-cygwin\jdk8u361\3183\hotspot\src\share\vm\runtime\reflection.cpp, line 1092]
Event: 2.824 Thread 0x000001d876b43800 Exception <a 'java/lang/reflect/InvocationTargetException'> (0x00000000d7d4e530) thrown at [C:\jenkins\workspace\8-2-build-windows-x64-cygwin\jdk8u361\3183\hotspot\src\share\vm\runtime\reflection.cpp, line 1092]
Event: 2.913 Thread 0x000001d876b43800 Exception <a 'java/lang/reflect/InvocationTargetException'> (0x00000000d85292c0) thrown at [C:\jenkins\workspace\8-2-build-windows-x64-cygwin\jdk8u361\3183\hotspot\src\share\vm\runtime\reflection.cpp, line 1092]

Events (10 events):
Event: 2.938 loading class org/uqbar/project/wollok/errorHandling/StackTraceElementDTO$2 done
Event: 2.939 loading class org/uqbar/project/wollok/errorHandling/StackTraceElementDTO$3
Event: 2.939 loading class org/uqbar/project/wollok/errorHandling/StackTraceElementDTO$3 done
Event: 2.939 loading class java/util/IdentityHashMap$KeyIterator
Event: 2.939 loading class java/util/IdentityHashMap$KeyIterator done
Event: 2.939 Thread 0x000001d811885000 Thread added: 0x000001d811885000
Event: 2.939 Thread 0x000001d8127c9800 Thread added: 0x000001d8127c9800
Event: 2.940 Thread 0x000001d811885000 Thread exited: 0x000001d811885000
Event: 2.943 Thread 0x000001d8127c9800 Thread exited: 0x000001d8127c9800
Event: 2.943 Executing VM operation: Exit


Dynamic libraries:
0x00007ff6da3b0000 - 0x00007ff6da3f7000 	C:\Program Files\Java\jre1.8.0_361\bin\javaw.exe
0x00007ffda6f90000 - 0x00007ffda7188000 	C:\Windows\SYSTEM32\ntdll.dll
0x00007ffda6dc0000 - 0x00007ffda6e7f000 	C:\Windows\System32\KERNEL32.DLL
0x00007ffda4740000 - 0x00007ffda4a12000 	C:\Windows\System32\KERNELBASE.dll
0x00007ffda5500000 - 0x00007ffda55ae000 	C:\Windows\System32\ADVAPI32.dll
0x00007ffda5990000 - 0x00007ffda5a2e000 	C:\Windows\System32\msvcrt.dll
0x00007ffda69d0000 - 0x00007ffda6a6c000 	C:\Windows\System32\sechost.dll
0x00007ffda6a70000 - 0x00007ffda6b94000 	C:\Windows\System32\RPCRT4.dll
0x00007ffda5f20000 - 0x00007ffda60c1000 	C:\Windows\System32\USER32.dll
0x00007ffda4710000 - 0x00007ffda4732000 	C:\Windows\System32\win32u.dll
0x00007ffda54d0000 - 0x00007ffda54fb000 	C:\Windows\System32\GDI32.dll
0x00007ffda4dd0000 - 0x00007ffda4edf000 	C:\Windows\System32\gdi32full.dll
0x00007ffda4c80000 - 0x00007ffda4d1d000 	C:\Windows\System32\msvcp_win.dll
0x00007ffda4ee0000 - 0x00007ffda4fe0000 	C:\Windows\System32\ucrtbase.dll
0x00007ffd7fd80000 - 0x00007ffd8001a000 	C:\Windows\WinSxS\amd64_microsoft.windows.common-controls_6595b64144ccf1df_6.0.19041.1110_none_60b5254171f9507e\COMCTL32.dll
0x00007ffda5720000 - 0x00007ffda5750000 	C:\Windows\System32\IMM32.DLL
0x00007ffd9b740000 - 0x00007ffd9b755000 	C:\Program Files\Java\jre1.8.0_361\bin\vcruntime140.dll
0x00007ffd99510000 - 0x00007ffd995ab000 	C:\Program Files\Java\jre1.8.0_361\bin\msvcp140.dll
0x0000000055670000 - 0x0000000055ed3000 	C:\Program Files\Java\jre1.8.0_361\bin\server\jvm.dll
0x00007ffda6ba0000 - 0x00007ffda6ba8000 	C:\Windows\System32\PSAPI.DLL
0x00007ffd9ac00000 - 0x00007ffd9ac0a000 	C:\Windows\SYSTEM32\VERSION.dll
0x00007ffd878b0000 - 0x00007ffd878d7000 	C:\Windows\SYSTEM32\WINMM.dll
0x00007ffd9bab0000 - 0x00007ffd9bab9000 	C:\Windows\SYSTEM32\WSOCK32.dll
0x00007ffda5ea0000 - 0x00007ffda5f0b000 	C:\Windows\System32\WS2_32.dll
0x00007ffda2ee0000 - 0x00007ffda2ef2000 	C:\Windows\SYSTEM32\kernel.appcore.dll
0x00007ffd9b6d0000 - 0x00007ffd9b6e0000 	C:\Program Files\Java\jre1.8.0_361\bin\verify.dll
0x00007ffd9b100000 - 0x00007ffd9b12b000 	C:\Program Files\Java\jre1.8.0_361\bin\java.dll
0x00007ffd9b580000 - 0x00007ffd9b598000 	C:\Program Files\Java\jre1.8.0_361\bin\zip.dll
0x00007ffda60d0000 - 0x00007ffda6815000 	C:\Windows\System32\SHELL32.dll
0x00007ffda2730000 - 0x00007ffda2ec2000 	C:\Windows\SYSTEM32\windows.storage.dll
0x00007ffda4fe0000 - 0x00007ffda5335000 	C:\Windows\System32\combase.dll
0x00007ffda4010000 - 0x00007ffda4040000 	C:\Windows\SYSTEM32\Wldp.dll
0x00007ffda58e0000 - 0x00007ffda598d000 	C:\Windows\System32\SHCORE.dll
0x00007ffda56c0000 - 0x00007ffda5715000 	C:\Windows\System32\shlwapi.dll
0x00007ffda45d0000 - 0x00007ffda45ef000 	C:\Windows\SYSTEM32\profapi.dll
0x0000000065580000 - 0x0000000065616000 	C:\Users\usuario\AppData\Local\Temp\libgdxusuario\12dfaa03\gdx64.dll
0x00007ffda3f70000 - 0x00007ffda3f88000 	C:\Windows\SYSTEM32\CRYPTSP.dll
0x00007ffda3690000 - 0x00007ffda36c4000 	C:\Windows\system32\rsaenh.dll
0x00007ffda4690000 - 0x00007ffda46b7000 	C:\Windows\System32\bcrypt.dll
0x00007ffda4590000 - 0x00007ffda45be000 	C:\Windows\SYSTEM32\USERENV.dll
0x00007ffda4a90000 - 0x00007ffda4b12000 	C:\Windows\System32\bcryptprimitives.dll
0x00007ffda3f60000 - 0x00007ffda3f6c000 	C:\Windows\SYSTEM32\CRYPTBASE.dll
0x00007ffd9b0c0000 - 0x00007ffd9b0dc000 	C:\Program Files\Java\jre1.8.0_361\bin\net.dll
0x00007ffda3d70000 - 0x00007ffda3dda000 	C:\Windows\system32\mswsock.dll
0x00007ffda3a60000 - 0x00007ffda3a9b000 	C:\Windows\SYSTEM32\IPHLPAPI.DLL
0x00007ffda57b0000 - 0x00007ffda57b8000 	C:\Windows\System32\NSI.dll
0x00007ffd9c190000 - 0x00007ffd9c1a7000 	C:\Windows\SYSTEM32\dhcpcsvc6.DLL
0x00007ffd9c040000 - 0x00007ffd9c05d000 	C:\Windows\SYSTEM32\dhcpcsvc.DLL
0x00007ffda3aa0000 - 0x00007ffda3b6b000 	C:\Windows\SYSTEM32\DNSAPI.dll
0x00007ffd9ac20000 - 0x00007ffd9ac33000 	C:\Program Files\Java\jre1.8.0_361\bin\nio.dll
0x0000000180000000 - 0x0000000180053000 	C:\Users\usuario\AppData\Local\Temp\libgdxusuario\dc0f0009\lwjgl64.dll
0x00007ffd7e9f0000 - 0x00007ffd7eb15000 	C:\Windows\SYSTEM32\OPENGL32.dll
0x00007ffd80ec0000 - 0x00007ffd80eec000 	C:\Windows\SYSTEM32\GLU32.dll
0x000001d8135c0000 - 0x000001d813624000 	C:\Users\usuario\AppData\Local\Temp\libgdxusuario\dc0f0009\OpenAL64.dll
0x00007ffda53a0000 - 0x00007ffda54ca000 	C:\Windows\System32\ole32.dll
0x00007ffd9e930000 - 0x00007ffd9e9ce000 	C:\Windows\system32\uxtheme.dll
0x00007ffda6bb0000 - 0x00007ffda6c59000 	C:\Windows\System32\clbcatq.dll
0x00007ffd878e0000 - 0x00007ffd8797c000 	C:\Windows\SYSTEM32\dsound.dll
0x00007ffd877c0000 - 0x00007ffd877e6000 	C:\Windows\SYSTEM32\winmmbase.dll
0x00007ffda4500000 - 0x00007ffda454b000 	C:\Windows\SYSTEM32\powrprof.dll
0x00007ffda44e0000 - 0x00007ffda44f2000 	C:\Windows\SYSTEM32\UMPDC.dll
0x00007ffd96630000 - 0x00007ffd966b5000 	C:\Windows\System32\MMDevApi.dll
0x00007ffda43f0000 - 0x00007ffda441c000 	C:\Windows\System32\DEVOBJ.dll
0x00007ffda46c0000 - 0x00007ffda470e000 	C:\Windows\System32\cfgmgr32.dll
0x00007ffd96e50000 - 0x00007ffd96fd2000 	C:\Windows\SYSTEM32\AUDIOSES.DLL
0x00007ffda6e80000 - 0x00007ffda6f4d000 	C:\Windows\System32\OLEAUT32.dll
0x00007ffd9ebf0000 - 0x00007ffd9ec04000 	C:\Windows\SYSTEM32\resourcepolicyclient.dll
0x00007ffd9bf80000 - 0x00007ffd9c02e000 	C:\Windows\SYSTEM32\mscms.dll
0x00007ffd9bf10000 - 0x00007ffd9bf21000 	C:\Windows\SYSTEM32\ColorAdapterClient.dll
0x00007ffd97150000 - 0x00007ffd97193000 	C:\Windows\System32\Windows.Internal.Graphics.Display.DisplayColorManagement.dll
0x00007ffda57c0000 - 0x00007ffda58d4000 	C:\Windows\System32\MSCTF.dll
0x00007ffd99ed0000 - 0x00007ffd99fc9000 	C:\Windows\System32\AppXDeploymentClient.dll
0x00007ffd37a40000 - 0x00007ffd38a57000 	C:\Windows\System32\DriverStore\FileRepository\iigd_dch.inf_amd64_6ce565ec54103c62\ig11icd64.dll
0x00007ffda2100000 - 0x00007ffda212f000 	C:\Windows\system32\dwmapi.dll
0x00007ffda3040000 - 0x00007ffda3133000 	C:\Windows\system32\dxgi.dll
0x00007ffd92570000 - 0x00007ffd927c7000 	C:\Windows\System32\DriverStore\FileRepository\iigd_dch.inf_amd64_6ce565ec54103c62\igdgmm64.dll
0x00007ffd8b240000 - 0x00007ffd8b339000 	C:\Windows\SYSTEM32\textinputframework.dll
0x00007ffd9d6d0000 - 0x00007ffd9da2e000 	C:\Windows\System32\CoreUIComponents.dll
0x00007ffd9ddb0000 - 0x00007ffd9dea2000 	C:\Windows\System32\CoreMessaging.dll
0x00007ffda37b0000 - 0x00007ffda37e3000 	C:\Windows\SYSTEM32\ntmarta.dll
0x00007ffd9c5b0000 - 0x00007ffd9c704000 	C:\Windows\SYSTEM32\wintypes.dll
0x00007ffd99b30000 - 0x00007ffd99b73000 	C:\Windows\SYSTEM32\icm32.dll
0x00007ffd60fb0000 - 0x00007ffd613bb000 	C:\Windows\System32\DriverStore\FileRepository\iigd_dch.inf_amd64_6ce565ec54103c62\igdml64.dll
0x00007ffd8f820000 - 0x00007ffd92439000 	C:\Windows\System32\DriverStore\FileRepository\iigd_dch.inf_amd64_6ce565ec54103c62\igc64.dll
0x00007ffd9e9d0000 - 0x00007ffd9ebb4000 	C:\Windows\SYSTEM32\dbghelp.dll

VM Arguments:
jvm_args: -Duser.language=es_ES -Dfile.encoding=UTF-8 
java_command: org.uqbar.project.wollok.launch.WollokLauncher -requestsPort 0 -eventsPort 0 -folder -dontValidate -wf src/juego.wpgm
java_class_path (initial): C:\Users\usuario\git\2023-o-tpi-game-los-inimputables\bin;C:\Program Files\wollok\plugins\com.ibm.icu_64.2.0.v20190507-1337.jar;C:\Program Files\wollok\plugins\org.eclipse.xtext_2.20.0.v20191202-0915.jar;C:\Program Files\wollok\plugins\org.eclipse.emf.ecore.xmi_2.16.0.v20190528-0725.jar;C:\Program Files\wollok\plugins\org.eclipse.emf.ecore_2.20.0.v20190920-0401.jar;C:\Program Files\wollok\plugins\org.eclipse.emf.common_2.17.0.v20190920-0401.jar;C:\Program Files\wollok\plugins\org.antlr.runtime_3.2.0.v201101311130.jar;C:\Program Files\wollok\plugins\com.google.inject_3.0.0.v201605172100.jar;C:\Program Files\wollok\plugins\org.eclipse.emf.mwe.core_1.5.1.v20191121-1148.jar;C:\Program Files\wollok\plugins\org.apache.commons.cli_1.2.0.v201404270220.jar;C:\Program Files\wollok\plugins\org.eclipse.emf.mwe2.runtime_2.11.1.v20191121-1148.jar;C:\Program Files\wollok\plugins\org.eclipse.emf.mwe.utils_1.5.1.v20191121-1148.jar;C:\Program Files\wollok\plugins\org.eclipse.xtext.util_2.20.0.v20191202-0915.jar;C:\Program Files\wollok\plugins\com.google.guava_27.1.0.v20190517-1946.jar;C:\Program Files\wollok\plugins\javax.inject_1.0.0.v20091030.jar;C:\Program Files\wollok\plugins\org.eclipse.xtext.generator_2.20.0.v20191202-0933.jar;C:\Program Files\wollok\plugins\org.eclipse.xtext.xtext.generator_2.20.0.v20191202-0915.jar;C:\Program Files\wollok\plugins\org.eclipse.xtext.xbase.lib_2.20.0.v20191202-0907.jar;C:\Program Files\wollok\plugins\org.eclipse.emf.codegen.ecore_2.20.0.v20191012-0918.jar;C:\Program Files\wollok\plugins\org.eclipse.emf.codegen_2.19.0.v20190821-1536.jar;C:\Program Files\wollok\plugins\org.eclipse.xtend_2.2.0.v201605260315.jar;C:\Program Files\wollok\plugins\org.eclipse.xpand_2.2.0.v201605260315.jar;C:\Program Files\wollok\plugins\org.eclipse.xtend.typesystem.emf_2.2.0.v201605260315.jar;C:\Program Files\wollok\plugins\org.uqbar.project.wollok_3.0.0.jar;C:\Program Files\wollok\plugins\org.eclipse.xtext.xbase_2.20.0.v20191202-0933.jar;C:
Launcher Type: SUN_STANDARD

Environment Variables:
PATH=C:/Program Files/Java/jre1.8.0_361/bin/server;C:/Program Files/Java/jre1.8.0_361/bin;C:/Program Files/Java/jre1.8.0_361/lib/amd64;C:\Program Files (x86)\Common Files\Oracle\Java\javapath;C:\ProgramData\Oracle\Java\javapath;C:\Windows\system32;C:\Windows;C:\Windows\System32\Wbem;C:\Windows\System32\WindowsPowerShell\v1.0\;C:\Windows\System32\OpenSSH\;C:\Program Files\dotnet\;C:\Program Files\Git\cmd;C:\Program Files (x86)\Microsoft SQL Server\160\Tools\Binn\;C:\Program Files\Microsoft SQL Server\160\Tools\Binn\;C:\Program Files\Microsoft SQL Server\Client SDK\ODBC\170\Tools\Binn\;C:\Program Files\Microsoft SQL Server\160\DTS\Binn\;C:\Program Files (x86)\Microsoft SQL Server\160\DTS\Binn\;C:\Program Files\Azure Data Studio\bin;C:\Program Files\nodejs\;C:\Program Files\MySQL\MySQL Shell 8.0\bin\;C:\Users\usuario\AppData\Local\Microsoft\WindowsApps;C:\Users\usuario\AppData\Local\Programs\Microsoft VS Code\bin;C:\MinGW\bin;;C:\ghcup\bin;C:\Program Files\Azure Data Studio\bin;C:\Users\usuario\AppData\Roaming\npm;C:\Program Files\wollok;
USERNAME=usuario
OS=Windows_NT
PROCESSOR_IDENTIFIER=Intel64 Family 6 Model 126 Stepping 5, GenuineIntel



---------------  S Y S T E M  ---------------

OS: Windows 10 , 64 bit Build 19041 (10.0.19041.2546)

CPU:total 8 (initial active 8) (4 cores per cpu, 2 threads per core) family 6 model 126 stepping 5, cmov, cx8, fxsr, mmx, sse, sse2, sse3, ssse3, sse4.1, sse4.2, popcnt, avx, avx2, aes, clmul, erms, 3dnowpref, lzcnt, ht, tsc, tscinvbit, bmi1, bmi2, adx

Memory: 4k page, physical 8069868k(2891800k free), swap 11084524k(3340100k free)

vm_info: Java HotSpot(TM) 64-Bit Server VM (25.361-b09) for windows-amd64 JRE (1.8.0_361-b09), built on Jan  9 2023 08:38:53 by "java_re" with MS VC++ 15.9 (VS2017)

time: Wed Oct 18 20:35:26 2023
timezone: Hora estándar de Argentina
elapsed time: 2.979781 seconds (0d 0h 0m 2s)

